<?xml version="1.0" encoding="UTF-8"?>
<!-- Generated by org.testng.reporters.JUnitXMLReporter -->
<testsuite hostname="DESKTOP-1GNHUG4" ignored="12" name="Test" tests="18" failures="2" timestamp="2020-07-29T08:05:05 CEST" time="165.757" errors="0">
  <testcase name="@BeforeClass navigateToWeatherRadar" time="16.333" classname="tests.WeatherRadarTest">
    <failure type="org.openqa.selenium.NoSuchElementException" message="Can&amp;apos;t locate an element by this strategy: By.chained({By.xpath: /hierarchy/android.widget.FrameLayout/android.widget.LinearLayout/android.widget.FrameLayout/android.widget.RelativeLayout/android.widget.FrameLayout/android.webkit.WebView/android.webkit.WebView/android.view.View/android.view.View[1]/android.view.View/android.view.View/android.view.View/android.view.View[3]/android.view.View[3]/android.view.View/android.view.View[5]/android.view.View})">
      <![CDATA[org.openqa.selenium.NoSuchElementException: Can't locate an element by this strategy: By.chained({By.xpath: /hierarchy/android.widget.FrameLayout/android.widget.LinearLayout/android.widget.FrameLayout/android.widget.RelativeLayout/android.widget.FrameLayout/android.webkit.WebView/android.webkit.WebView/android.view.View/android.view.View[1]/android.view.View/android.view.View/android.view.View/android.view.View[3]/android.view.View[3]/android.view.View/android.view.View[5]/android.view.View})
at io.appium.java_client.pagefactory.AppiumElementLocator.findElement(AppiumElementLocator.java:126)
at io.appium.java_client.pagefactory.interceptors.InterceptorOfASingleElement.intercept(InterceptorOfASingleElement.java:59)
at io.appium.java_client.android.AndroidElement$$EnhancerByCGLIB$$b598166c.click(<generated>)
at tests.WeatherRadarTest.navigateToWeatherRadar(WeatherRadarTest.java:51)
at java.util.ArrayList.forEach(Unknown Source)
Caused by: org.openqa.selenium.TimeoutException: Expected condition failed: waiting for io.appium.java_client.pagefactory.AppiumElementLocator$WaitingFunction@1c9f0a20 (tried for 1 second(s) with 500 milliseconds interval)
at org.openqa.selenium.support.ui.FluentWait.timeoutException(FluentWait.java:304)
at org.openqa.selenium.support.ui.FluentWait.until(FluentWait.java:272)
at io.appium.java_client.pagefactory.AppiumElementLocator.waitFor(AppiumElementLocator.java:99)
at io.appium.java_client.pagefactory.AppiumElementLocator.findElement(AppiumElementLocator.java:119)
... 29 more
Caused by: org.openqa.selenium.NoSuchElementException: Cannot locate an element using By.chained({By.xpath: /hierarchy/android.widget.FrameLayout/android.widget.LinearLayout/android.widget.FrameLayout/android.widget.RelativeLayout/android.widget.FrameLayout/android.webkit.WebView/android.webkit.WebView/android.view.View/android.view.View[1]/android.view.View/android.view.View/android.view.View/android.view.View[3]/android.view.View[3]/android.view.View/android.view.View[5]/android.view.View})
For documentation on this error, please visit: https://www.seleniumhq.org/exceptions/no_such_element.html
Build info: version: '3.141.59', revision: 'e82be7d358', time: '2018-11-14T08:17:03'
System info: host: 'DESKTOP-1GNHUG4', ip: '192.168.56.1', os.name: 'Windows 10', os.arch: 'amd64', os.version: '10.0', java.version: '1.8.0_241'
Driver info: driver.version: AndroidDriver
at io.appium.java_client.pagefactory.bys.builder.ByChained.findElement(ByChained.java:74)
at org.openqa.selenium.remote.RemoteWebDriver.findElement(RemoteWebDriver.java:315)
at io.appium.java_client.DefaultGenericMobileDriver.findElement(DefaultGenericMobileDriver.java:57)
at io.appium.java_client.AppiumDriver.findElement(AppiumDriver.java:1)
at io.appium.java_client.android.AndroidDriver.findElement(AndroidDriver.java:1)
at io.appium.java_client.pagefactory.bys.ContentMappedBy.findElement(ContentMappedBy.java:50)
at org.openqa.selenium.remote.RemoteWebDriver.findElement(RemoteWebDriver.java:315)
at io.appium.java_client.DefaultGenericMobileDriver.findElement(DefaultGenericMobileDriver.java:57)
at io.appium.java_client.AppiumDriver.findElement(AppiumDriver.java:1)
at io.appium.java_client.android.AndroidDriver.findElement(AndroidDriver.java:1)
at io.appium.java_client.pagefactory.AppiumElementLocator.lambda$0(AppiumElementLocator.java:120)
at io.appium.java_client.pagefactory.AppiumElementLocator$WaitingFunction.apply(AppiumElementLocator.java:172)
at io.appium.java_client.pagefactory.AppiumElementLocator$WaitingFunction.apply(AppiumElementLocator.java:1)
at org.openqa.selenium.support.ui.FluentWait.until(FluentWait.java:249)
... 31 more
... Removed 25 stack frames]]>
    </failure>
  </testcase> <!-- @BeforeClass navigateToWeatherRadar -->
  <testcase name="@AfterMethod resetAppAfterEachMethod" time="-1.596002704884E9" classname="base.BaseClass">
    <skipped/>
  </testcase> <!-- @AfterMethod resetAppAfterEachMethod -->
  <testcase name="@AfterClass resetAppAfterEachClass" time="-1.596002704885E9" classname="base.BaseClass">
    <skipped/>
  </testcase> <!-- @AfterClass resetAppAfterEachClass -->
  <testcase name="checkIfHamburgerButtonExists" time="2.561" classname="tests.MainPageExistenceTest"/>
  <testcase name="checkIfMagnifierExists" time="0.048" classname="tests.MainPageExistenceTest"/>
  <testcase name="checkIfTemperatureExists" time="0.05" classname="tests.MainPageExistenceTest"/>
  <testcase name="checkIfSunriseSunsetExists" time="0.127" classname="tests.MainPageExistenceTest"/>
  <testcase name="checkIfHourlyWeatherExists" time="0.052" classname="tests.MainPageExistenceTest"/>
  <testcase name="checkIfAdExists" time="11.538" classname="tests.MainPageExistenceTest">
    <failure type="java.lang.AssertionError" message="org.openqa.selenium.NoSuchElementException: An element could not be located on the page using the given search parameters.
For documentation on this error, please visit: https://www.seleniumhq.org/exceptions/no_such_element.html
Build info: version: &amp;apos;3.141.59&amp;apos;, revision: &amp;apos;e82be7d358&amp;apos;, time: &amp;apos;2018-11-14T08:17:03&amp;apos;
System info: host: &amp;apos;DESKTOP-1GNHUG4&amp;apos;, ip: &amp;apos;192.168.56.1&amp;apos;, os.name: &amp;apos;Windows 10&amp;apos;, os.arch: &amp;apos;amd64&amp;apos;, os.version: &amp;apos;10.0&amp;apos;, java.version: &amp;apos;1.8.0_241&amp;apos;
Driver info: io.appium.java_client.android.AndroidDriver
Capabilities {appActivity: de.wetteronline.wetterapp.M..., appPackage: de.wetteronline.wetterapp, databaseEnabled: false, desired: {appActivity: de.wetteronline.wetterapp.M..., appPackage: de.wetteronline.wetterapp, deviceName: Nexus 5X API 29 (Emulator), platformName: android, version: 10.0}, deviceApiLevel: 29, deviceManufacturer: Google, deviceModel: Android SDK built for x86, deviceName: emulator-5554, deviceScreenDensity: 420, deviceScreenSize: 1080x1920, deviceUDID: emulator-5554, javascriptEnabled: true, locationContextEnabled: false, networkConnectionEnabled: true, pixelRatio: 2.625, platform: LINUX, platformName: Android, platformVersion: 10, statBarHeight: 63, takesScreenshot: true, version: 10.0, viewportRect: {height: 1731, left: 0, top: 63, width: 1080}, warnings: {}, webStorageEnabled: false}
Session ID: 43f0fccf-3ddb-4e57-a916-36fca568e812
*** Element info: {Using=-android uiautomator, value=new UiScrollable(new UiSelector().scrollable(true)).setMaxSearchSwipes(30).scrollIntoView(new UiSelector().resourceIdMatches(&amp;quot;de.wetteronline.wetterapp:id/adContainer&amp;quot;))}">
      <![CDATA[java.lang.AssertionError: org.openqa.selenium.NoSuchElementException: An element could not be located on the page using the given search parameters.
For documentation on this error, please visit: https://www.seleniumhq.org/exceptions/no_such_element.html
Build info: version: '3.141.59', revision: 'e82be7d358', time: '2018-11-14T08:17:03'
System info: host: 'DESKTOP-1GNHUG4', ip: '192.168.56.1', os.name: 'Windows 10', os.arch: 'amd64', os.version: '10.0', java.version: '1.8.0_241'
Driver info: io.appium.java_client.android.AndroidDriver
Capabilities {appActivity: de.wetteronline.wetterapp.M..., appPackage: de.wetteronline.wetterapp, databaseEnabled: false, desired: {appActivity: de.wetteronline.wetterapp.M..., appPackage: de.wetteronline.wetterapp, deviceName: Nexus 5X API 29 (Emulator), platformName: android, version: 10.0}, deviceApiLevel: 29, deviceManufacturer: Google, deviceModel: Android SDK built for x86, deviceName: emulator-5554, deviceScreenDensity: 420, deviceScreenSize: 1080x1920, deviceUDID: emulator-5554, javascriptEnabled: true, locationContextEnabled: false, networkConnectionEnabled: true, pixelRatio: 2.625, platform: LINUX, platformName: Android, platformVersion: 10, statBarHeight: 63, takesScreenshot: true, version: 10.0, viewportRect: {height: 1731, left: 0, top: 63, width: 1080}, warnings: {}, webStorageEnabled: false}
Session ID: 43f0fccf-3ddb-4e57-a916-36fca568e812
*** Element info: {Using=-android uiautomator, value=new UiScrollable(new UiSelector().scrollable(true)).setMaxSearchSwipes(30).scrollIntoView(new UiSelector().resourceIdMatches("de.wetteronline.wetterapp:id/adContainer"))}
at tests.MainPageExistenceTest.searchElementById(MainPageExistenceTest.java:117)
at tests.MainPageExistenceTest.checkIfAdExists(MainPageExistenceTest.java:64)
at java.util.ArrayList.forEach(Unknown Source)
... Removed 28 stack frames]]>
    </failure>
  </testcase> <!-- checkIfAdExists -->
  <testcase name="checkIfWeatherRadarExists" time="9.877" classname="tests.MainPageExistenceTest"/>
  <testcase name="checkIfWetterOnlineHomeInfoExists" time="11.468" classname="tests.MainPageExistenceTest">
    <failure type="java.lang.AssertionError" message="org.openqa.selenium.NoSuchElementException: An element could not be located on the page using the given search parameters.
For documentation on this error, please visit: https://www.seleniumhq.org/exceptions/no_such_element.html
Build info: version: &amp;apos;3.141.59&amp;apos;, revision: &amp;apos;e82be7d358&amp;apos;, time: &amp;apos;2018-11-14T08:17:03&amp;apos;
System info: host: &amp;apos;DESKTOP-1GNHUG4&amp;apos;, ip: &amp;apos;192.168.56.1&amp;apos;, os.name: &amp;apos;Windows 10&amp;apos;, os.arch: &amp;apos;amd64&amp;apos;, os.version: &amp;apos;10.0&amp;apos;, java.version: &amp;apos;1.8.0_241&amp;apos;
Driver info: io.appium.java_client.android.AndroidDriver
Capabilities {appActivity: de.wetteronline.wetterapp.M..., appPackage: de.wetteronline.wetterapp, databaseEnabled: false, desired: {appActivity: de.wetteronline.wetterapp.M..., appPackage: de.wetteronline.wetterapp, deviceName: Nexus 5X API 29 (Emulator), platformName: android, version: 10.0}, deviceApiLevel: 29, deviceManufacturer: Google, deviceModel: Android SDK built for x86, deviceName: emulator-5554, deviceScreenDensity: 420, deviceScreenSize: 1080x1920, deviceUDID: emulator-5554, javascriptEnabled: true, locationContextEnabled: false, networkConnectionEnabled: true, pixelRatio: 2.625, platform: LINUX, platformName: Android, platformVersion: 10, statBarHeight: 63, takesScreenshot: true, version: 10.0, viewportRect: {height: 1731, left: 0, top: 63, width: 1080}, warnings: {}, webStorageEnabled: false}
Session ID: 43f0fccf-3ddb-4e57-a916-36fca568e812
*** Element info: {Using=-android uiautomator, value=new UiScrollable(new UiSelector().scrollable(true)).setMaxSearchSwipes(30).scrollIntoView(new UiSelector().resourceIdMatches(&amp;quot;de.wetteronline.wetterapp:id/woHomeAdView&amp;quot;))}">
      <![CDATA[java.lang.AssertionError: org.openqa.selenium.NoSuchElementException: An element could not be located on the page using the given search parameters.
For documentation on this error, please visit: https://www.seleniumhq.org/exceptions/no_such_element.html
Build info: version: '3.141.59', revision: 'e82be7d358', time: '2018-11-14T08:17:03'
System info: host: 'DESKTOP-1GNHUG4', ip: '192.168.56.1', os.name: 'Windows 10', os.arch: 'amd64', os.version: '10.0', java.version: '1.8.0_241'
Driver info: io.appium.java_client.android.AndroidDriver
Capabilities {appActivity: de.wetteronline.wetterapp.M..., appPackage: de.wetteronline.wetterapp, databaseEnabled: false, desired: {appActivity: de.wetteronline.wetterapp.M..., appPackage: de.wetteronline.wetterapp, deviceName: Nexus 5X API 29 (Emulator), platformName: android, version: 10.0}, deviceApiLevel: 29, deviceManufacturer: Google, deviceModel: Android SDK built for x86, deviceName: emulator-5554, deviceScreenDensity: 420, deviceScreenSize: 1080x1920, deviceUDID: emulator-5554, javascriptEnabled: true, locationContextEnabled: false, networkConnectionEnabled: true, pixelRatio: 2.625, platform: LINUX, platformName: Android, platformVersion: 10, statBarHeight: 63, takesScreenshot: true, version: 10.0, viewportRect: {height: 1731, left: 0, top: 63, width: 1080}, warnings: {}, webStorageEnabled: false}
Session ID: 43f0fccf-3ddb-4e57-a916-36fca568e812
*** Element info: {Using=-android uiautomator, value=new UiScrollable(new UiSelector().scrollable(true)).setMaxSearchSwipes(30).scrollIntoView(new UiSelector().resourceIdMatches("de.wetteronline.wetterapp:id/woHomeAdView"))}
at tests.MainPageExistenceTest.searchElementById(MainPageExistenceTest.java:117)
at tests.MainPageExistenceTest.checkIfWetterOnlineHomeInfoExists(MainPageExistenceTest.java:74)
at java.util.ArrayList.forEach(Unknown Source)
... Removed 28 stack frames]]>
    </failure>
  </testcase> <!-- checkIfWetterOnlineHomeInfoExists -->
  <testcase name="checkIfWeatherPredictionExists" time="13.829" classname="tests.MainPageExistenceTest"/>
  <testcase name="checkIfFourteenDayWeatherExists" time="7.509" classname="tests.MainPageExistenceTest"/>
  <testcase name="checkIfPhotoButtonExists" time="14.644" classname="tests.MainPageExistenceTest"/>
  <testcase name="denyCameraPermission" time="2.216" classname="tests.PhotoTest"/>
  <testcase name="takePicture" time="7.079" classname="tests.PhotoTest"/>
  <testcase name="tapMyLocationsDrawerButton" time="1.934" classname="tests.NavigationDrawerTest"/>
  <testcase name="tapRainRadarDrawerButton" time="10.059" classname="tests.NavigationDrawerTest"/>
  <testcase name="tapWeatherDrawerButton" time="2.522" classname="tests.NavigationDrawerTest"/>
  <testcase name="tapWeatherRadarDrawerButton" time="3.811" classname="tests.NavigationDrawerTest"/>
  <testcase name="fifteenMinPredictionTest" time="0.0" classname="tests.WeatherRadarTest">
    <skipped/>
  </testcase> <!-- fifteenMinPredictionTest -->
  <testcase name="fiveMinPredictionTest" time="0.0" classname="tests.WeatherRadarTest">
    <ignored/>
  </testcase> <!-- fiveMinPredictionTest -->
  <testcase name="@AfterTest tearDown" time="0.0" classname="base.BaseClass">
    <ignored/>
  </testcase> <!-- @AfterTest tearDown -->
  <testcase name="@AfterTest tearDown" time="0.0" classname="base.BaseClass">
    <ignored/>
  </testcase> <!-- @AfterTest tearDown -->
  <testcase name="@AfterTest tearDown" time="0.0" classname="base.BaseClass">
    <ignored/>
  </testcase> <!-- @AfterTest tearDown -->
  <testcase name="tapPhotoDrawerButton" time="0.0" classname="tests.NavigationDrawerTest">
    <ignored/>
  </testcase> <!-- tapPhotoDrawerButton -->
  <testcase name="checkIfMoreNewsSectionExists" time="0.0" classname="tests.MainPageExistenceTest">
    <ignored/>
  </testcase> <!-- checkIfMoreNewsSectionExists -->
  <testcase name="tapWeatherNewsDrawerButton" time="0.0" classname="tests.NavigationDrawerTest">
    <ignored/>
  </testcase> <!-- tapWeatherNewsDrawerButton -->
  <testcase name="@BeforeTest setup" time="0.0" classname="base.BaseClass">
    <ignored/>
  </testcase> <!-- @BeforeTest setup -->
  <testcase name="@BeforeTest setup" time="0.0" classname="base.BaseClass">
    <ignored/>
  </testcase> <!-- @BeforeTest setup -->
  <testcase name="@BeforeTest setup" time="0.0" classname="base.BaseClass">
    <ignored/>
  </testcase> <!-- @BeforeTest setup -->
  <testcase name="switchToRainRadar" time="0.0" classname="tests.WeatherRadarTest">
    <ignored/>
  </testcase> <!-- switchToRainRadar -->
  <testcase name="checkIfTopTopicExists" time="0.0" classname="tests.MainPageExistenceTest">
    <ignored/>
  </testcase> <!-- checkIfTopTopicExists -->
</testsuite> <!-- Test -->
